<?xml version="1.0" encoding="UTF-8"?>
<!-- Generated by org.testng.reporters.JUnitReportReporter -->
<testsuite hostname="LAPTOP-MMUFM0VN" failures="0" tests="3" name="Test.Yatraapp" time="29.953" errors="0" timestamp="2024-02-20T13:38:07 IST" skipped="0">
  <testcase classname="Test.Yatraapp" name="scrensht" time="12.913"/>
  <system-out/>
  <testcase classname="Test.Yatraapp" name="test" time="8.252"/>
  <system-out/>
  <testcase classname="Test.Yatraapp" name="test2" time="8.788"/>
  <system-out/>
</testsuite> <!-- Test.Yatraapp -->
